<?xml version="1.0" encoding="UTF-8"?>
<testng-results ignored="0" total="1" passed="1" failed="0" skipped="0">
  <reporter-output>
  </reporter-output>
  <suite started-at="2024-07-29T18:22:33 IST" name="MySuite" finished-at="2024-07-29T18:22:51 IST" duration-ms="18566">
    <groups>
    </groups>
    <test started-at="2024-07-29T18:22:33 IST" name="MyTest" finished-at="2024-07-29T18:22:51 IST" duration-ms="18566">
      <class name="test.DemoTest">
        <test-method is-config="true" signature="startBrowser()[pri:0, instance:test.DemoTest@1fb19a0]" started-at="2024-07-29T18:22:33 IST" name="startBrowser" finished-at="2024-07-29T18:22:46 IST" duration-ms="13375" status="PASS">
          <reporter-output>
          </reporter-output>
        </test-method> <!-- startBrowser -->
        <test-method signature="sampleTest()[pri:0, instance:test.DemoTest@1fb19a0]" started-at="2024-07-29T18:22:46 IST" name="sampleTest" finished-at="2024-07-29T18:22:51 IST" duration-ms="4957" status="PASS">
          <reporter-output>
          </reporter-output>
        </test-method> <!-- sampleTest -->
        <test-method is-config="true" signature="tearDown()[pri:0, instance:test.DemoTest@1fb19a0]" started-at="2024-07-29T18:22:51 IST" name="tearDown" finished-at="2024-07-29T18:22:51 IST" duration-ms="165" status="PASS">
          <reporter-output>
          </reporter-output>
        </test-method> <!-- tearDown -->
      </class> <!-- test.DemoTest -->
    </test> <!-- MyTest -->
  </suite> <!-- MySuite -->
</testng-results>
